<?xml version="1.0" encoding="UTF-8"?>
<!-- Generated by org.testng.reporters.JUnitReportReporter -->
<testsuite hostname="LAPTOP-3KFM323G" failures="0" tests="1" name="integration.SampleTest" time="2.325" errors="0" timestamp="2020-09-09T03:25:59 IST" skipped="0">
  <testcase classname="integration.SampleTest" name="testGoogle" time="2.325"/>
  <system-out/>
</testsuite> <!-- integration.SampleTest -->
