<?xml version="1.0" encoding="UTF-8"?>
<!-- Generated by org.testng.reporters.JUnitReportReporter -->
<testsuite hostname="LAPTOP-3KFM323G" failures="0" tests="1" name="integration.FirstTest" time="2.479" errors="0" timestamp="2020-09-09T02:13:38 IST" skipped="0">
  <testcase classname="integration.FirstTest" name="testGoogle" time="2.479"/>
  <system-out/>
</testsuite> <!-- integration.FirstTest -->
