<?xml version="1.0" encoding="UTF-8"?>
<!-- Generated by org.testng.reporters.JUnitReportReporter -->
<testsuite hostname="LAPTOP-3KFM323G" failures="0" tests="1" name="integration.SampleTest" time="1.931" errors="0" timestamp="2020-09-09T01:08:50 IST" skipped="0">
  <testcase classname="integration.SampleTest" name="testGoogle" time="1.931"/>
  <system-out/>
</testsuite> <!-- integration.SampleTest -->
